<?xml version="1.0" encoding="utf-8"?><testsuites><testsuite errors="0" failures="1" hostname="DESKTOP-AIHD9IL" name="pytest" skipped="0" tests="2" time="31.585" timestamp="2021-02-22T20:42:50.442523"><testcase classname="test_e2e.TestOne" file="test_e2e.py" line="12" name="test_e2e" time="14.768"><failure message="selenium.common.exceptions.MoveTargetOutOfBoundsException: Message: (1380, 1002) is out of bounds of viewport width (1920) and height (966)">self = &lt;tests.test_e2e.TestOne object at 0x044FCC10&gt;

    def test_e2e(self):
        log = self.getLogger()
        home_page = HomePage(self.driver)
        shop_page = home_page.shopItems()
        action = ActionChains(self.driver)
&gt;       action.move_to_element(shop_page.blackberry()).click().perform()

test_e2e.py:18: 
_ _ _ _ _ _ _ _ _ _ _ _ _ _ _ _ _ _ _ _ _ _ _ _ _ _ _ _ _ _ _ _ _ _ _ _ _ _ _ _
..\..\..\appdata\local\programs\python\python38-32\lib\site-packages\selenium\webdriver\common\action_chains.py:80: in perform
    self.w3c_actions.perform()
..\..\..\appdata\local\programs\python\python38-32\lib\site-packages\selenium\webdriver\common\actions\action_builder.py:76: in perform
    self.driver.execute(Command.W3C_ACTIONS, enc)
..\..\..\appdata\local\programs\python\python38-32\lib\site-packages\selenium\webdriver\remote\webdriver.py:321: in execute
    self.error_handler.check_response(response)
_ _ _ _ _ _ _ _ _ _ _ _ _ _ _ _ _ _ _ _ _ _ _ _ _ _ _ _ _ _ _ _ _ _ _ _ _ _ _ _

self = &lt;selenium.webdriver.remote.errorhandler.ErrorHandler object at 0x04E50AC0&gt;
response = {&apos;status&apos;: 500, &apos;value&apos;: &apos;{&quot;value&quot;:{&quot;error&quot;:&quot;move target out of bounds&quot;,&quot;message&quot;:&quot;(1380, 1002) is out of bounds of vi...CommandsChild.jsm:453:18\\nreceiveMessage@chrome://marionette/content/actors/MarionetteCommandsChild.jsm:151:31\\n&quot;}}&apos;}

    def check_response(self, response):
        &quot;&quot;&quot;
        Checks that a JSON response from the WebDriver does not have an error.
    
        :Args:
         - response - The JSON response from the WebDriver server as a dictionary
           object.
    
        :Raises: If the response contains an error message.
        &quot;&quot;&quot;
        status = response.get(&apos;status&apos;, None)
        if status is None or status == ErrorCode.SUCCESS:
            return
        value = None
        message = response.get(&quot;message&quot;, &quot;&quot;)
        screen = response.get(&quot;screen&quot;, &quot;&quot;)
        stacktrace = None
        if isinstance(status, int):
            value_json = response.get(&apos;value&apos;, None)
            if value_json and isinstance(value_json, basestring):
                import json
                try:
                    value = json.loads(value_json)
                    if len(value.keys()) == 1:
                        value = value[&apos;value&apos;]
                    status = value.get(&apos;error&apos;, None)
                    if status is None:
                        status = value[&quot;status&quot;]
                        message = value[&quot;value&quot;]
                        if not isinstance(message, basestring):
                            value = message
                            message = message.get(&apos;message&apos;)
                    else:
                        message = value.get(&apos;message&apos;, None)
                except ValueError:
                    pass
    
        exception_class = ErrorInResponseException
        if status in ErrorCode.NO_SUCH_ELEMENT:
            exception_class = NoSuchElementException
        elif status in ErrorCode.NO_SUCH_FRAME:
            exception_class = NoSuchFrameException
        elif status in ErrorCode.NO_SUCH_WINDOW:
            exception_class = NoSuchWindowException
        elif status in ErrorCode.STALE_ELEMENT_REFERENCE:
            exception_class = StaleElementReferenceException
        elif status in ErrorCode.ELEMENT_NOT_VISIBLE:
            exception_class = ElementNotVisibleException
        elif status in ErrorCode.INVALID_ELEMENT_STATE:
            exception_class = InvalidElementStateException
        elif status in ErrorCode.INVALID_SELECTOR \
                or status in ErrorCode.INVALID_XPATH_SELECTOR \
                or status in ErrorCode.INVALID_XPATH_SELECTOR_RETURN_TYPER:
            exception_class = InvalidSelectorException
        elif status in ErrorCode.ELEMENT_IS_NOT_SELECTABLE:
            exception_class = ElementNotSelectableException
        elif status in ErrorCode.ELEMENT_NOT_INTERACTABLE:
            exception_class = ElementNotInteractableException
        elif status in ErrorCode.INVALID_COOKIE_DOMAIN:
            exception_class = InvalidCookieDomainException
        elif status in ErrorCode.UNABLE_TO_SET_COOKIE:
            exception_class = UnableToSetCookieException
        elif status in ErrorCode.TIMEOUT:
            exception_class = TimeoutException
        elif status in ErrorCode.SCRIPT_TIMEOUT:
            exception_class = TimeoutException
        elif status in ErrorCode.UNKNOWN_ERROR:
            exception_class = WebDriverException
        elif status in ErrorCode.UNEXPECTED_ALERT_OPEN:
            exception_class = UnexpectedAlertPresentException
        elif status in ErrorCode.NO_ALERT_OPEN:
            exception_class = NoAlertPresentException
        elif status in ErrorCode.IME_NOT_AVAILABLE:
            exception_class = ImeNotAvailableException
        elif status in ErrorCode.IME_ENGINE_ACTIVATION_FAILED:
            exception_class = ImeActivationFailedException
        elif status in ErrorCode.MOVE_TARGET_OUT_OF_BOUNDS:
            exception_class = MoveTargetOutOfBoundsException
        elif status in ErrorCode.JAVASCRIPT_ERROR:
            exception_class = JavascriptException
        elif status in ErrorCode.SESSION_NOT_CREATED:
            exception_class = SessionNotCreatedException
        elif status in ErrorCode.INVALID_ARGUMENT:
            exception_class = InvalidArgumentException
        elif status in ErrorCode.NO_SUCH_COOKIE:
            exception_class = NoSuchCookieException
        elif status in ErrorCode.UNABLE_TO_CAPTURE_SCREEN:
            exception_class = ScreenshotException
        elif status in ErrorCode.ELEMENT_CLICK_INTERCEPTED:
            exception_class = ElementClickInterceptedException
        elif status in ErrorCode.INSECURE_CERTIFICATE:
            exception_class = InsecureCertificateException
        elif status in ErrorCode.INVALID_COORDINATES:
            exception_class = InvalidCoordinatesException
        elif status in ErrorCode.INVALID_SESSION_ID:
            exception_class = InvalidSessionIdException
        elif status in ErrorCode.UNKNOWN_METHOD:
            exception_class = UnknownMethodException
        else:
            exception_class = WebDriverException
        if value == &apos;&apos; or value is None:
            value = response[&apos;value&apos;]
        if isinstance(value, basestring):
            if exception_class == ErrorInResponseException:
                raise exception_class(response, value)
            raise exception_class(value)
        if message == &quot;&quot; and &apos;message&apos; in value:
            message = value[&apos;message&apos;]
    
        screen = None
        if &apos;screen&apos; in value:
            screen = value[&apos;screen&apos;]
    
        stacktrace = None
        if &apos;stackTrace&apos; in value and value[&apos;stackTrace&apos;]:
            stacktrace = []
            try:
                for frame in value[&apos;stackTrace&apos;]:
                    line = self._value_or_default(frame, &apos;lineNumber&apos;, &apos;&apos;)
                    file = self._value_or_default(frame, &apos;fileName&apos;, &apos;&lt;anonymous&gt;&apos;)
                    if line:
                        file = &quot;%s:%s&quot; % (file, line)
                    meth = self._value_or_default(frame, &apos;methodName&apos;, &apos;&lt;anonymous&gt;&apos;)
                    if &apos;className&apos; in frame:
                        meth = &quot;%s.%s&quot; % (frame[&apos;className&apos;], meth)
                    msg = &quot;    at %s (%s)&quot;
                    msg = msg % (meth, file)
                    stacktrace.append(msg)
            except TypeError:
                pass
        if exception_class == ErrorInResponseException:
            raise exception_class(response, message)
        elif exception_class == UnexpectedAlertPresentException:
            alert_text = None
            if &apos;data&apos; in value:
                alert_text = value[&apos;data&apos;].get(&apos;text&apos;)
            elif &apos;alert&apos; in value:
                alert_text = value[&apos;alert&apos;].get(&apos;text&apos;)
            raise exception_class(message, screen, stacktrace, alert_text)
&gt;       raise exception_class(message, screen, stacktrace)
E       selenium.common.exceptions.MoveTargetOutOfBoundsException: Message: (1380, 1002) is out of bounds of viewport width (1920) and height (966)

..\..\..\appdata\local\programs\python\python38-32\lib\site-packages\selenium\webdriver\remote\errorhandler.py:242: MoveTargetOutOfBoundsException</failure></testcase><testcase classname="test_homePage.TestHomePage" file="test_homePage.py" line="10" name="test_home_page[get_data0]" time="15.546"></testcase></testsuite></testsuites>